<?xml version="1.0" encoding="UTF-8"?>
<!-- Generated by org.testng.reporters.JUnitReportReporter -->
<testsuite hostname="LAPTOP-EETMMJVA" failures="0" tests="1" name="com.Gojek.AssigmentTest.LoginTest" time="21.702" errors="0" timestamp="11 Jun 2019 12:18:20 GMT" skipped="0">
  <testcase classname="com.Gojek.AssigmentTest.LoginTest" name="loginAndLogout" time="21.702"/>
</testsuite> <!-- com.Gojek.AssigmentTest.LoginTest -->
