<?xml version="1.0" encoding="UTF-8"?>
<!-- Generated by org.testng.reporters.JUnitReportReporter -->
<testsuite hostname="LAPTOP-EETMMJVA" failures="0" tests="1" name="com.Gojek.AssigmentTest.LoginTest" time="22.255" errors="0" timestamp="15 Jun 2019 06:16:33 GMT" skipped="0">
  <testcase classname="com.Gojek.AssigmentTest.LoginTest" name="loginAndLogout" time="22.255"/>
</testsuite> <!-- com.Gojek.AssigmentTest.LoginTest -->
