<?xml version="1.0" encoding="UTF-8"?>
<!-- Generated by org.testng.reporters.JUnitReportReporter -->
<testsuite hostname="LAPTOP-EETMMJVA" failures="0" tests="3" name="com.Gojek.AssigmentTest.HomePageTest" time="89.627" errors="0" timestamp="09 Jun 2019 16:50:30 GMT" skipped="0">
  <testcase classname="com.Gojek.AssigmentTest.HomePageTest" name="addEarphoneToCart" time="32.975"/>
  <testcase classname="com.Gojek.AssigmentTest.HomePageTest" name="addSeondItem" time="30.162"/>
  <testcase classname="com.Gojek.AssigmentTest.HomePageTest" name="deleteItemsFromCart" time="26.490"/>
</testsuite> <!-- com.Gojek.AssigmentTest.HomePageTest -->
