<?xml version="1.0" encoding="UTF-8"?>
<!-- Generated by org.testng.reporters.JUnitReportReporter -->
<testsuite hostname="LAPTOP-EETMMJVA" failures="0" tests="4" name="com.Gojek.AssigmentTest.HomePageTest" time="94.018" errors="1" timestamp="15 Jun 2019 06:16:33 GMT" skipped="0">
  <testcase classname="com.Gojek.AssigmentTest.HomePageTest" name="searchProduct" time="14.031">
    <error message="
Data provider mismatch
Method: searchProduct([])
Arguments: [(java.lang.String) Dell laptop,(java.lang.String) ,(java.lang.String) ]" type="org.testng.internal.reflect.MethodMatcherException">
      <![CDATA[org.testng.internal.reflect.MethodMatcherException: 
Data provider mismatch
Method: searchProduct([])
Arguments: [(java.lang.String) Dell laptop,(java.lang.String) ,(java.lang.String) ]
at org.testng.internal.reflect.DataProviderMethodMatcher.getConformingArguments(DataProviderMethodMatcher.java:45)
at org.testng.internal.Parameters.injectParameters(Parameters.java:796)
at org.testng.internal.Invoker.invokeTestMethods(Invoker.java:983)
at org.testng.internal.TestMethodWorker.invokeTestMethods(TestMethodWorker.java:125)
at org.testng.internal.TestMethodWorker.run(TestMethodWorker.java:109)
at java.base/java.util.concurrent.ThreadPoolExecutor.runWorker(Unknown Source)
at java.base/java.util.concurrent.ThreadPoolExecutor$Worker.run(Unknown Source)
at java.base/java.lang.Thread.run(Unknown Source)
]]>
    </error>
  </testcase> <!-- searchProduct -->
  <testcase classname="com.Gojek.AssigmentTest.HomePageTest" name="addEarphoneToCart" time="44.053"/>
  <testcase classname="com.Gojek.AssigmentTest.HomePageTest" name="addSeondItem" time="28.316"/>
  <testcase classname="com.Gojek.AssigmentTest.HomePageTest" name="deleteItemsFromCart" time="7.618"/>
</testsuite> <!-- com.Gojek.AssigmentTest.HomePageTest -->
