<?xml version="1.0" encoding="UTF-8"?>
<!-- Generated by org.testng.reporters.JUnitReportReporter -->
<testsuite hostname="LAPTOP-EETMMJVA" failures="0" tests="1" name="com.Gojek.AssigmentTest.LoginTest" time="16.251" errors="0" timestamp="09 Jun 2019 16:51:08 GMT" skipped="0">
  <testcase classname="com.Gojek.AssigmentTest.LoginTest" name="loginAndLogout" time="16.251"/>
</testsuite> <!-- com.Gojek.AssigmentTest.LoginTest -->
