<?xml version="1.0" encoding="UTF-8"?>
<!-- Generated by org.testng.reporters.JUnitReportReporter -->
<testsuite hostname="LAPTOP-EETMMJVA" failures="0" tests="3" name="com.Gojek.AssigmentTest.HomePageTest" time="107.825" errors="0" timestamp="11 Jun 2019 12:18:20 GMT" skipped="0">
  <testcase classname="com.Gojek.AssigmentTest.HomePageTest" name="addEarphoneToCart" time="43.747"/>
  <testcase classname="com.Gojek.AssigmentTest.HomePageTest" name="addSeondItem" time="36.580"/>
  <testcase classname="com.Gojek.AssigmentTest.HomePageTest" name="deleteItemsFromCart" time="27.498"/>
</testsuite> <!-- com.Gojek.AssigmentTest.HomePageTest -->
